This file contains any messages produced by compilers while
running configure, to aid debugging if configure makes a mistake.

It was created by configure, which was
generated by GNU Autoconf 2.69.  Invocation command line was

  $ ./configure --with-pdo-oci=instantclient,/usr/local/lib/instantclient_11_2,11.1

## --------- ##
## Platform. ##
## --------- ##

hostname = ubuntuServer14044
uname -m = x86_64
uname -r = 4.2.0-27-generic
uname -s = Linux
uname -v = #32~14.04.1-Ubuntu SMP Fri Jan 22 15:32:26 UTC 2016

/usr/bin/uname -p = unknown
/bin/uname -X     = unknown

/bin/arch              = unknown
/usr/bin/arch -k       = unknown
/usr/convex/getsysinfo = unknown
/usr/bin/hostinfo      = unknown
/bin/machine           = unknown
/usr/bin/oslevel       = unknown
/bin/universe          = unknown

PATH: /usr/local/sbin
PATH: /usr/local/bin
PATH: /usr/sbin
PATH: /usr/bin
PATH: /sbin
PATH: /bin
PATH: /usr/games
PATH: /usr/local/games


## ----------- ##
## Core tests. ##
## ----------- ##

configure:2269: checking for grep that handles long lines and -e
configure:2327: result: /bin/grep
configure:2332: checking for egrep
configure:2394: result: /bin/grep -E
configure:2399: checking for a sed that does not truncate output
configure:2463: result: /bin/sed
configure:2597: checking for cc
configure:2613: found /usr/bin/cc
configure:2624: result: cc
configure:2655: checking for C compiler version
configure:2664: cc --version >&5
cc (Ubuntu 4.8.4-2ubuntu1~14.04.3) 4.8.4
Copyright (C) 2013 Free Software Foundation, Inc.
This is free software; see the source for copying conditions.  There is NO
warranty; not even for MERCHANTABILITY or FITNESS FOR A PARTICULAR PURPOSE.

configure:2675: $? = 0
configure:2664: cc -v >&5
Using built-in specs.
COLLECT_GCC=cc
COLLECT_LTO_WRAPPER=/usr/lib/gcc/x86_64-linux-gnu/4.8/lto-wrapper
Target: x86_64-linux-gnu
Configured with: ../src/configure -v --with-pkgversion='Ubuntu 4.8.4-2ubuntu1~14.04.3' --with-bugurl=file:///usr/share/doc/gcc-4.8/README.Bugs --enable-languages=c,c++,java,go,d,fortran,objc,obj-c++ --prefix=/usr --program-suffix=-4.8 --enable-shared --enable-linker-build-id --libexecdir=/usr/lib --without-included-gettext --enable-threads=posix --with-gxx-include-dir=/usr/include/c++/4.8 --libdir=/usr/lib --enable-nls --with-sysroot=/ --enable-clocale=gnu --enable-libstdcxx-debug --enable-libstdcxx-time=yes --enable-gnu-unique-object --disable-libmudflap --enable-plugin --with-system-zlib --disable-browser-plugin --enable-java-awt=gtk --enable-gtk-cairo --with-java-home=/usr/lib/jvm/java-1.5.0-gcj-4.8-amd64/jre --enable-java-home --with-jvm-root-dir=/usr/lib/jvm/java-1.5.0-gcj-4.8-amd64 --with-jvm-jar-dir=/usr/lib/jvm-exports/java-1.5.0-gcj-4.8-amd64 --with-arch-directory=amd64 --with-ecj-jar=/usr/share/java/eclipse-ecj.jar --enable-objc-gc --enable-multiarch --disable-werror --with-arch-32=i686 --with-abi=m64 --with-multilib-list=m32,m64,mx32 --with-tune=generic --enable-checking=release --build=x86_64-linux-gnu --host=x86_64-linux-gnu --target=x86_64-linux-gnu
Thread model: posix
gcc version 4.8.4 (Ubuntu 4.8.4-2ubuntu1~14.04.3) 
configure:2675: $? = 0
configure:2664: cc -V >&5
cc: error: unrecognized command line option '-V'
cc: fatal error: no input files
compilation terminated.
configure:2675: $? = 4
configure:2664: cc -qversion >&5
cc: error: unrecognized command line option '-qversion'
cc: fatal error: no input files
compilation terminated.
configure:2675: $? = 4
configure:2695: checking whether the C compiler works
configure:2717: cc    conftest.c  >&5
configure:2721: $? = 0
configure:2769: result: yes
configure:2772: checking for C compiler default output file name
configure:2774: result: a.out
configure:2780: checking for suffix of executables
configure:2787: cc -o conftest    conftest.c  >&5
configure:2791: $? = 0
configure:2813: result: 
configure:2835: checking whether we are cross compiling
configure:2843: cc -o conftest    conftest.c  >&5
configure:2847: $? = 0
configure:2854: ./conftest
configure:2858: $? = 0
configure:2873: result: no
configure:2878: checking for suffix of object files
configure:2900: cc -c   conftest.c >&5
configure:2904: $? = 0
configure:2925: result: o
configure:2929: checking whether we are using the GNU C compiler
configure:2948: cc -c   conftest.c >&5
configure:2948: $? = 0
configure:2957: result: yes
configure:2966: checking whether cc accepts -g
configure:2986: cc -c -g  conftest.c >&5
configure:2986: $? = 0
configure:3027: result: yes
configure:3044: checking for cc option to accept ISO C89
configure:3107: cc  -c -g -O2  conftest.c >&5
configure:3107: $? = 0
configure:3120: result: none needed
configure:3146: checking how to run the C preprocessor
configure:3177: cc -E  conftest.c
configure:3177: $? = 0
configure:3191: cc -E  conftest.c
conftest.c:9:28: fatal error: ac_nonexistent.h: No such file or directory
 #include <ac_nonexistent.h>
                            ^
compilation terminated.
configure:3191: $? = 1
configure: failed program was:
| /* confdefs.h */
| #define PACKAGE_NAME ""
| #define PACKAGE_TARNAME ""
| #define PACKAGE_VERSION ""
| #define PACKAGE_STRING ""
| #define PACKAGE_BUGREPORT ""
| #define PACKAGE_URL ""
| /* end confdefs.h.  */
| #include <ac_nonexistent.h>
configure:3216: result: cc -E
configure:3236: cc -E  conftest.c
configure:3236: $? = 0
configure:3250: cc -E  conftest.c
conftest.c:9:28: fatal error: ac_nonexistent.h: No such file or directory
 #include <ac_nonexistent.h>
                            ^
compilation terminated.
configure:3250: $? = 1
configure: failed program was:
| /* confdefs.h */
| #define PACKAGE_NAME ""
| #define PACKAGE_TARNAME ""
| #define PACKAGE_VERSION ""
| #define PACKAGE_STRING ""
| #define PACKAGE_BUGREPORT ""
| #define PACKAGE_URL ""
| /* end confdefs.h.  */
| #include <ac_nonexistent.h>
configure:3281: checking for icc
configure:3290: result: no
configure:3304: checking for suncc
configure:3313: result: no
configure:3331: checking whether cc understands -c and -o together
configure:3359: cc -c conftest.c -o conftest2.o >&5
configure:3363: $? = 0
configure:3369: cc -c conftest.c -o conftest2.o >&5
configure:3373: $? = 0
configure:3428: result: yes
configure:3442: checking for system library directory
configure:3457: result: lib
configure:3464: checking if compiler supports -R
configure:3483: cc -o conftest -g -O2   conftest.c -R /usr/lib  >&5
cc: error: unrecognized command line option '-R'
configure:3483: $? = 1
configure: failed program was:
| /* confdefs.h */
| #define PACKAGE_NAME ""
| #define PACKAGE_TARNAME ""
| #define PACKAGE_VERSION ""
| #define PACKAGE_STRING ""
| #define PACKAGE_BUGREPORT ""
| #define PACKAGE_URL ""
| /* end confdefs.h.  */
| 
| int
| main ()
| {
| 
|   ;
|   return 0;
| }
configure:3493: result: no
configure:3498: checking if compiler supports -Wl,-rpath,
configure:3517: cc -o conftest -g -O2   conftest.c -Wl,-rpath,/usr/lib  >&5
configure:3517: $? = 0
configure:3527: result: yes
configure:3572: checking build system type
configure:3586: result: x86_64-unknown-linux-gnu
configure:3606: checking host system type
configure:3619: result: x86_64-unknown-linux-gnu
configure:3639: checking target system type
configure:3652: result: x86_64-unknown-linux-gnu
configure:3755: checking for PHP prefix
configure:3757: result: /usr
configure:3759: checking for PHP includes
configure:3761: result: -I/usr/include/php5 -I/usr/include/php5/main -I/usr/include/php5/TSRM -I/usr/include/php5/Zend -I/usr/include/php5/ext -I/usr/include/php5/ext/date/lib
configure:3763: checking for PHP extension directory
configure:3765: result: /usr/lib/php5/20121212
configure:3767: checking for PHP installed headers prefix
configure:3769: result: /usr/include/php5
configure:3772: checking if debug is enabled
configure:3798: result: no
configure:3801: checking if zts is enabled
configure:3827: result: no
configure:3898: checking for re2c
configure:3914: found /usr/bin/re2c
configure:3925: result: re2c
configure:3934: checking for re2c version
configure:3948: result: 0.13.5 (ok)
configure:3967: checking for gawk
configure:3984: found /usr/bin/gawk
configure:3995: result: gawk
configure:4044: checking Oracle OCI support for PDO
configure:4084: result: yes, shared
configure:4096: checking Oracle Install-Dir
configure:4103: result: instantclient,/usr/local/lib/instantclient_11_2,11.1
configure:4106: checking if that is sane
configure:4113: result: yes
configure:4118: checking for ANSI C header files
configure:4138: cc -c -g -O2  conftest.c >&5
configure:4138: $? = 0
configure:4211: cc -o conftest -g -O2   conftest.c  >&5
configure:4211: $? = 0
configure:4211: ./conftest
configure:4211: $? = 0
configure:4222: result: yes
configure:4235: checking for sys/types.h
configure:4235: cc -c -g -O2  conftest.c >&5
configure:4235: $? = 0
configure:4235: result: yes
configure:4235: checking for sys/stat.h
configure:4235: cc -c -g -O2  conftest.c >&5
configure:4235: $? = 0
configure:4235: result: yes
configure:4235: checking for stdlib.h
configure:4235: cc -c -g -O2  conftest.c >&5
configure:4235: $? = 0
configure:4235: result: yes
configure:4235: checking for string.h
configure:4235: cc -c -g -O2  conftest.c >&5
configure:4235: $? = 0
configure:4235: result: yes
configure:4235: checking for memory.h
configure:4235: cc -c -g -O2  conftest.c >&5
configure:4235: $? = 0
configure:4235: result: yes
configure:4235: checking for strings.h
configure:4235: cc -c -g -O2  conftest.c >&5
configure:4235: $? = 0
configure:4235: result: yes
configure:4235: checking for inttypes.h
configure:4235: cc -c -g -O2  conftest.c >&5
configure:4235: $? = 0
configure:4235: result: yes
configure:4235: checking for stdint.h
configure:4235: cc -c -g -O2  conftest.c >&5
configure:4235: $? = 0
configure:4235: result: yes
configure:4235: checking for unistd.h
configure:4235: cc -c -g -O2  conftest.c >&5
configure:4235: $? = 0
configure:4235: result: yes
configure:4251: checking size of long int
configure:4256: cc -o conftest -g -O2   conftest.c  >&5
configure:4256: $? = 0
configure:4256: ./conftest
configure:4256: $? = 0
configure:4270: result: 8
configure:4294: checking for oci.h
configure:4396: result: /usr/local/lib/instantclient_11_2/sdk/include
configure:5051: checking for OCIEnvCreate in -lclntsh
configure:5076: cc -o conftest -g -O2  -Wl,-rpath,/usr/local/lib/instantclient_11_2 -L/usr/local/lib/instantclient_11_2 -Wl,-rpath,/usr/local/lib/instantclient_11_2 -L/usr/local/lib/instantclient_11_2  -lclntsh conftest.c -lclntsh   >&5
configure:5076: $? = 0
configure:5085: result: yes
configure:5206: checking for OCIEnvNlsCreate in -lclntsh
configure:5231: cc -o conftest -g -O2  -Wl,-rpath,/usr/local/lib/instantclient_11_2 -L/usr/local/lib/instantclient_11_2 -Wl,-rpath,/usr/local/lib/instantclient_11_2 -L/usr/local/lib/instantclient_11_2  -lclntsh conftest.c -lclntsh   >&5
configure:5231: $? = 0
configure:5240: result: yes
configure:5361: checking for OCILobIsTemporary in -lclntsh
configure:5386: cc -o conftest -g -O2  -Wl,-rpath,/usr/local/lib/instantclient_11_2 -L/usr/local/lib/instantclient_11_2 -Wl,-rpath,/usr/local/lib/instantclient_11_2 -L/usr/local/lib/instantclient_11_2  -lclntsh conftest.c -lclntsh   >&5
configure:5386: $? = 0
configure:5395: result: yes
configure:5694: checking for OCICollAssign in -lclntsh
configure:5719: cc -o conftest -g -O2  -Wl,-rpath,/usr/local/lib/instantclient_11_2 -L/usr/local/lib/instantclient_11_2 -Wl,-rpath,/usr/local/lib/instantclient_11_2 -L/usr/local/lib/instantclient_11_2  -lclntsh conftest.c -lclntsh   >&5
configure:5719: $? = 0
configure:5728: result: yes
configure:5849: checking for OCIStmtFetch2 in -lclntsh
configure:5874: cc -o conftest -g -O2  -Wl,-rpath,/usr/local/lib/instantclient_11_2 -L/usr/local/lib/instantclient_11_2 -Wl,-rpath,/usr/local/lib/instantclient_11_2 -L/usr/local/lib/instantclient_11_2  -lclntsh conftest.c -lclntsh   >&5
configure:5874: $? = 0
configure:5883: result: yes
configure:5907: checking for PDO includes
configure:5913: checking for PDO includes
configure:5924: result: /usr/include/php/ext
configure:6333: checking how to print strings
configure:6360: result: printf
configure:6381: checking for a sed that does not truncate output
configure:6445: result: /bin/sed
configure:6463: checking for fgrep
configure:6525: result: /bin/grep -F
configure:6560: checking for ld used by cc
configure:6627: result: /usr/bin/ld
configure:6634: checking if the linker (/usr/bin/ld) is GNU ld
configure:6649: result: yes
configure:6661: checking for BSD- or MS-compatible name lister (nm)
configure:6710: result: /usr/bin/nm -B
configure:6840: checking the name lister (/usr/bin/nm -B) interface
configure:6847: cc -c -g -O2  conftest.c >&5
configure:6850: /usr/bin/nm -B "conftest.o"
configure:6853: output
0000000000000000 B some_variable
configure:6860: result: BSD nm
configure:6863: checking whether ln -s works
configure:6867: result: yes
configure:6875: checking the maximum length of command line arguments
configure:7006: result: 1572864
configure:7023: checking whether the shell understands some XSI constructs
configure:7033: result: yes
configure:7037: checking whether the shell understands "+="
configure:7043: result: yes
configure:7078: checking how to convert x86_64-unknown-linux-gnu file names to x86_64-unknown-linux-gnu format
configure:7118: result: func_convert_file_noop
configure:7125: checking how to convert x86_64-unknown-linux-gnu file names to toolchain format
configure:7145: result: func_convert_file_noop
configure:7152: checking for /usr/bin/ld option to reload object files
configure:7159: result: -r
configure:7233: checking for objdump
configure:7249: found /usr/bin/objdump
configure:7260: result: objdump
configure:7292: checking how to recognize dependent libraries
configure:7490: result: pass_all
configure:7575: checking for dlltool
configure:7605: result: no
configure:7635: checking how to associate runtime and link libraries
configure:7662: result: printf %s\n
configure:7722: checking for ar
configure:7738: found /usr/bin/ar
configure:7749: result: ar
configure:7786: checking for archiver @FILE support
configure:7803: cc -c -g -O2  conftest.c >&5
configure:7803: $? = 0
configure:7806: ar cru libconftest.a @conftest.lst >&5
configure:7809: $? = 0
configure:7814: ar cru libconftest.a @conftest.lst >&5
ar: conftest.o: No such file or directory
configure:7817: $? = 1
configure:7829: result: @
configure:7887: checking for strip
configure:7903: found /usr/bin/strip
configure:7914: result: strip
configure:7986: checking for ranlib
configure:8002: found /usr/bin/ranlib
configure:8013: result: ranlib
configure:8090: checking for gawk
configure:8117: result: gawk
configure:8157: checking command to parse /usr/bin/nm -B output from cc object
configure:8277: cc -c -g -O2  conftest.c >&5
configure:8280: $? = 0
configure:8284: /usr/bin/nm -B conftest.o \| sed -n -e 's/^.*[ ]\([ABCDGIRSTW][ABCDGIRSTW]*\)[ ][ ]*\([_A-Za-z][_A-Za-z0-9]*\)$/\1 \2 \2/p' | sed '/ __gnu_lto/d' \> conftest.nm
configure:8287: $? = 0
configure:8353: cc -o conftest -g -O2   conftest.c conftstm.o >&5
configure:8356: $? = 0
configure:8394: result: ok
configure:8431: checking for sysroot
configure:8461: result: no
configure:8538: cc -c -g -O2  conftest.c >&5
configure:8541: $? = 0
configure:8730: checking for mt
configure:8746: found /bin/mt
configure:8757: result: mt
configure:8780: checking if mt is a manifest tool
configure:8786: mt '-?'
configure:8794: result: no
configure:9433: checking for dlfcn.h
configure:9433: cc -c -g -O2  conftest.c >&5
configure:9433: $? = 0
configure:9433: result: yes
configure:9639: checking for objdir
configure:9654: result: .libs
configure:9925: checking if cc supports -fno-rtti -fno-exceptions
configure:9943: cc -c -g -O2  -fno-rtti -fno-exceptions conftest.c >&5
cc1: warning: command line option '-fno-rtti' is valid for C++/ObjC++ but not for C [enabled by default]
configure:9947: $? = 0
configure:9960: result: no
configure:10287: checking for cc option to produce PIC
configure:10294: result: -fPIC -DPIC
configure:10302: checking if cc PIC flag -fPIC -DPIC works
configure:10320: cc -c -g -O2  -fPIC -DPIC -DPIC conftest.c >&5
configure:10324: $? = 0
configure:10337: result: yes
configure:10366: checking if cc static flag -static works
configure:10394: result: yes
configure:10409: checking if cc supports -c -o file.o
configure:10430: cc -c -g -O2  -o out/conftest2.o conftest.c >&5
configure:10434: $? = 0
configure:10456: result: yes
configure:10464: checking if cc supports -c -o file.o
configure:10511: result: yes
configure:10544: checking whether the cc linker (/usr/bin/ld -m elf_x86_64) supports shared libraries
configure:11701: result: yes
configure:11738: checking whether -lc should be explicitly linked in
configure:11746: cc -c -g -O2  conftest.c >&5
configure:11749: $? = 0
configure:11764: cc -shared  -fPIC -DPIC conftest.o  -v -Wl,-soname -Wl,conftest -o conftest 2\>\&1 \| /bin/grep  -lc  \>/dev/null 2\>\&1
configure:11767: $? = 0
configure:11781: result: no
configure:11941: checking dynamic linker characteristics
configure:12441: cc -o conftest -g -O2   -Wl,-rpath -Wl,/foo conftest.c  >&5
configure:12441: $? = 0
configure:12675: result: GNU/Linux ld.so
configure:12782: checking how to hardcode library paths into programs
configure:12807: result: immediate
configure:13347: checking whether stripping libraries is possible
configure:13352: result: yes
configure:13387: checking if libtool supports shared libraries
configure:13389: result: yes
configure:13392: checking whether to build shared libraries
configure:13413: result: yes
configure:13416: checking whether to build static libraries
configure:13420: result: no
configure:13696: creating ./config.status

## ---------------------- ##
## Running config.status. ##
## ---------------------- ##

This file was extended by config.status, which was
generated by GNU Autoconf 2.69.  Invocation command line was

  CONFIG_FILES    = 
  CONFIG_HEADERS  = 
  CONFIG_LINKS    = 
  CONFIG_COMMANDS = 
  $ ./config.status 

on ubuntuServer14044

config.status:893: creating config.h
config.status:983: config.h is unchanged
config.status:997: executing libtool commands

## ---------------- ##
## Cache variables. ##
## ---------------- ##

ac_cv_build=x86_64-unknown-linux-gnu
ac_cv_c_compiler_gnu=yes
ac_cv_env_CC_set=
ac_cv_env_CC_value=
ac_cv_env_CFLAGS_set=
ac_cv_env_CFLAGS_value=
ac_cv_env_CPPFLAGS_set=
ac_cv_env_CPPFLAGS_value=
ac_cv_env_CPP_set=
ac_cv_env_CPP_value=
ac_cv_env_LDFLAGS_set=
ac_cv_env_LDFLAGS_value=
ac_cv_env_LIBS_set=
ac_cv_env_LIBS_value=
ac_cv_env_build_alias_set=
ac_cv_env_build_alias_value=
ac_cv_env_host_alias_set=
ac_cv_env_host_alias_value=
ac_cv_env_target_alias_set=
ac_cv_env_target_alias_value=
ac_cv_header_dlfcn_h=yes
ac_cv_header_inttypes_h=yes
ac_cv_header_memory_h=yes
ac_cv_header_stdc=yes
ac_cv_header_stdint_h=yes
ac_cv_header_stdlib_h=yes
ac_cv_header_string_h=yes
ac_cv_header_strings_h=yes
ac_cv_header_sys_stat_h=yes
ac_cv_header_sys_types_h=yes
ac_cv_header_unistd_h=yes
ac_cv_host=x86_64-unknown-linux-gnu
ac_cv_lib_clntsh_OCICollAssign=yes
ac_cv_lib_clntsh_OCIEnvCreate=yes
ac_cv_lib_clntsh_OCIEnvNlsCreate=yes
ac_cv_lib_clntsh_OCILobIsTemporary=yes
ac_cv_lib_clntsh_OCIStmtFetch2=yes
ac_cv_objext=o
ac_cv_path_EGREP='/bin/grep -E'
ac_cv_path_FGREP='/bin/grep -F'
ac_cv_path_GREP=/bin/grep
ac_cv_path_SED=/bin/sed
ac_cv_prog_AWK=gawk
ac_cv_prog_CPP='cc -E'
ac_cv_prog_RE2C=re2c
ac_cv_prog_ac_ct_AR=ar
ac_cv_prog_ac_ct_CC=cc
ac_cv_prog_ac_ct_MANIFEST_TOOL=mt
ac_cv_prog_ac_ct_OBJDUMP=objdump
ac_cv_prog_ac_ct_RANLIB=ranlib
ac_cv_prog_ac_ct_STRIP=strip
ac_cv_prog_cc_c89=
ac_cv_prog_cc_cc_c_o=yes
ac_cv_prog_cc_g=yes
ac_cv_sizeof_long_int=8
ac_cv_target=x86_64-unknown-linux-gnu
lt_cv_ar_at_file=@
lt_cv_archive_cmds_need_lc=no
lt_cv_deplibs_check_method=pass_all
lt_cv_file_magic_cmd='$MAGIC_CMD'
lt_cv_file_magic_test_file=
lt_cv_ld_reload_flag=-r
lt_cv_nm_interface='BSD nm'
lt_cv_objdir=.libs
lt_cv_path_LD=/usr/bin/ld
lt_cv_path_NM='/usr/bin/nm -B'
lt_cv_path_mainfest_tool=no
lt_cv_prog_compiler_c_o=yes
lt_cv_prog_compiler_pic='-fPIC -DPIC'
lt_cv_prog_compiler_pic_works=yes
lt_cv_prog_compiler_rtti_exceptions=no
lt_cv_prog_compiler_static_works=yes
lt_cv_prog_gnu_ld=yes
lt_cv_sharedlib_from_linklib_cmd='printf %s\n'
lt_cv_shlibpath_overrides_runpath=no
lt_cv_sys_global_symbol_pipe='sed -n -e '\''s/^.*[	 ]\([ABCDGIRSTW][ABCDGIRSTW]*\)[	 ][	 ]*\([_A-Za-z][_A-Za-z0-9]*\)$/\1 \2 \2/p'\'' | sed '\''/ __gnu_lto/d'\'''
lt_cv_sys_global_symbol_to_c_name_address='sed -n -e '\''s/^: \([^ ]*\)[ ]*$/  {\"\1\", (void *) 0},/p'\'' -e '\''s/^[ABCDGIRSTW]* \([^ ]*\) \([^ ]*\)$/  {"\2", (void *) \&\2},/p'\'''
lt_cv_sys_global_symbol_to_c_name_address_lib_prefix='sed -n -e '\''s/^: \([^ ]*\)[ ]*$/  {\"\1\", (void *) 0},/p'\'' -e '\''s/^[ABCDGIRSTW]* \([^ ]*\) \(lib[^ ]*\)$/  {"\2", (void *) \&\2},/p'\'' -e '\''s/^[ABCDGIRSTW]* \([^ ]*\) \([^ ]*\)$/  {"lib\2", (void *) \&\2},/p'\'''
lt_cv_sys_global_symbol_to_cdecl='sed -n -e '\''s/^T .* \(.*\)$/extern int \1();/p'\'' -e '\''s/^[ABCDGIRSTW]* .* \(.*\)$/extern char \1;/p'\'''
lt_cv_sys_max_cmd_len=1572864
lt_cv_to_host_file_cmd=func_convert_file_noop
lt_cv_to_tool_file_cmd=func_convert_file_noop
pdo_cv_inc_path=/usr/include/php/ext
php_cv_cc_dashr=no
php_cv_cc_rpath=yes
php_cv_re2c_version='0.13.5 (ok)'

## ----------------- ##
## Output variables. ##
## ----------------- ##

AR='ar'
AWK='gawk'
CC='cc'
CFLAGS='-g -O2'
CONFIGURE_COMMAND=' '\''./configure'\''  '\''--with-pdo-oci=instantclient,/usr/local/lib/instantclient_11_2,11.1'\'''
CONFIGURE_OPTIONS=' '\''--with-pdo-oci=instantclient,/usr/local/lib/instantclient_11_2,11.1'\'''
CPP='cc -E'
CPPFLAGS=' -DHAVE_CONFIG_H'
DEFS='-DHAVE_CONFIG_H'
DLLTOOL='false'
DSYMUTIL=''
DUMPBIN=''
ECHO_C=''
ECHO_N='-n'
ECHO_T=''
EGREP='/bin/grep -E'
EXEEXT=''
FGREP='/bin/grep -F'
GREP='/bin/grep'
LD='/usr/bin/ld -m elf_x86_64'
LDFLAGS=''
LIBOBJS=''
LIBS=''
LIBTOOL='$(SHELL) $(top_builddir)/libtool'
LIPO=''
LN_S='ln -s'
LTLIBOBJS=''
MANIFEST_TOOL=':'
NM='/usr/bin/nm -B'
NMEDIT=''
OBJDUMP='objdump'
OBJEXT='o'
OTOOL64=''
OTOOL=''
PACKAGE_BUGREPORT=''
PACKAGE_NAME=''
PACKAGE_STRING=''
PACKAGE_TARNAME=''
PACKAGE_URL=''
PACKAGE_VERSION=''
PATH_SEPARATOR=':'
PDO_OCI_DIR='instantclient,/usr/local/lib/instantclient_11_2,11.1'
PDO_OCI_SHARED_LIBADD='-Wl,-rpath,/usr/local/lib/instantclient_11_2 -L/usr/local/lib/instantclient_11_2  -lclntsh'
PDO_OCI_VERSION='11.1'
RANLIB='ranlib'
RE2C='re2c'
SED='/bin/sed'
SHELL='/bin/bash'
SHLIB_DL_SUFFIX_NAME='so'
SHLIB_SUFFIX_NAME='so'
STRIP='strip'
ac_ct_AR='ar'
ac_ct_CC='cc'
ac_ct_DUMPBIN=''
bindir='${exec_prefix}/bin'
build='x86_64-unknown-linux-gnu'
build_alias=''
build_cpu='x86_64'
build_os='linux-gnu'
build_vendor='unknown'
datadir='${datarootdir}'
datarootdir='${prefix}/share'
docdir='${datarootdir}/doc/${PACKAGE}'
dvidir='${docdir}'
exec_prefix='$(prefix)'
host='x86_64-unknown-linux-gnu'
host_alias='x86_64-unknown-linux-gnu'
host_cpu='x86_64'
host_os='linux-gnu'
host_vendor='unknown'
htmldir='${docdir}'
includedir='${prefix}/include'
infodir='${datarootdir}/info'
libdir='${exec_prefix}/lib'
libexecdir='${exec_prefix}/libexec'
localedir='${datarootdir}/locale'
localstatedir='${prefix}/var'
mandir='${datarootdir}/man'
oldincludedir='/usr/include'
pdfdir='${docdir}'
prefix='/usr'
program_transform_name='s,x,x,'
psdir='${docdir}'
sbindir='${exec_prefix}/sbin'
sharedstatedir='${prefix}/com'
sysconfdir='${prefix}/etc'
target='x86_64-unknown-linux-gnu'
target_alias=''
target_cpu='x86_64'
target_os='linux-gnu'
target_vendor='unknown'

## ----------- ##
## confdefs.h. ##
## ----------- ##

/* confdefs.h */
#define PACKAGE_NAME ""
#define PACKAGE_TARNAME ""
#define PACKAGE_VERSION ""
#define PACKAGE_STRING ""
#define PACKAGE_BUGREPORT ""
#define PACKAGE_URL ""
#define STDC_HEADERS 1
#define HAVE_SYS_TYPES_H 1
#define HAVE_SYS_STAT_H 1
#define HAVE_STDLIB_H 1
#define HAVE_STRING_H 1
#define HAVE_MEMORY_H 1
#define HAVE_STRINGS_H 1
#define HAVE_INTTYPES_H 1
#define HAVE_STDINT_H 1
#define HAVE_UNISTD_H 1
#define SIZEOF_LONG_INT 8
#define HAVE_OCIENVCREATE 1
#define HAVE_OCIENVNLSCREATE 1
#define HAVE_OCILOBISTEMPORARY 1
#define HAVE_OCICOLLASSIGN 1
#define HAVE_OCISTMTFETCH2 1
#define COMPILE_DL_PDO_OCI 1
#define PHP_PDO_OCI_CLIENT_VERSION "11.1"
#define HAVE_DLFCN_H 1
#define LT_OBJDIR ".libs/"

configure: exit 0
